<?xml version="1.0" encoding="UTF-8"?>
<Site BuildName="(empty)"
	BuildStamp="20230822-2009-Experimental"
	Name="cmdr1"
	Generator="ctest-3.22.1"
	CompilerName="/usr/bin/g++"
	CompilerVersion="11.3.0"
	OSName="Linux"
	Hostname="cmdr1"
	OSRelease="5.19.0-50-generic"
	OSVersion="#50-Ubuntu SMP PREEMPT_DYNAMIC Mon Jul 10 18:24:29 UTC 2023"
	OSPlatform="x86_64"
	Is64Bits="1"
	VendorString="GenuineIntel"
	VendorID="Intel Corporation"
	FamilyID="6"
	ModelID="140"
	ProcessorCacheSize="12288"
	NumberOfLogicalCPU="8"
	NumberOfPhysicalCPU="4"
	TotalVirtualMemory="2047"
	TotalPhysicalMemory="31791"
	LogicalProcessorsPerPhysical="2"
	ProcessorClockFrequency="3809.16"
	>
	<Testing>
		<StartDateTime>Aug 22 15:09 CDT</StartDateTime>
		<StartTestTime>1692734941</StartTestTime>
		<TestList/>
		<EndDateTime>Aug 22 15:09 CDT</EndDateTime>
		<EndTestTime>1692734941</EndTestTime>
		<ElapsedMinutes>0</ElapsedMinutes>
	</Testing>
</Site>
