<?xml version="1.0" encoding="UTF-8"?>
<Site BuildName="(empty)"
	BuildStamp="20230816-1854-Experimental"
	Name="yessir"
	Generator="ctest-3.22.1"
	CompilerName="/usr/bin/g++"
	CompilerVersion="11.4.0"
	OSName="Linux"
	Hostname="yessir"
	OSRelease="6.2.0-26-generic"
	OSVersion="#26~22.04.1-Ubuntu SMP PREEMPT_DYNAMIC Thu Jul 13 16:27:29 UTC 2"
	OSPlatform="x86_64"
	Is64Bits="1"
	VendorString="GenuineIntel"
	VendorID="Intel Corporation"
	FamilyID="6"
	ModelID="154"
	ProcessorCacheSize="24576"
	NumberOfLogicalCPU="20"
	NumberOfPhysicalCPU="14"
	TotalVirtualMemory="1950"
	TotalPhysicalMemory="15589"
	LogicalProcessorsPerPhysical="1"
	ProcessorClockFrequency="944.073"
	>
	<Testing>
		<StartDateTime>Aug 16 11:54 PDT</StartDateTime>
		<StartTestTime>1692212098</StartTestTime>
		<TestList/>
		<EndDateTime>Aug 16 11:54 PDT</EndDateTime>
		<EndTestTime>1692212098</EndTestTime>
		<ElapsedMinutes>0</ElapsedMinutes>
	</Testing>
</Site>
