<?xml version="1.0" encoding="UTF-8"?>
<Site BuildName="(empty)"
	BuildStamp="20230815-0129-Experimental"
	Name="pi-imu"
	Generator="ctest-3.22.1"
	CompilerName="/usr/bin/aarch64-linux-gnu-g++"
	CompilerVersion="11.4.0"
	OSName="Linux"
	Hostname="pi-imu"
	OSRelease="5.15.0-1035-raspi"
	OSVersion="#38-Ubuntu SMP PREEMPT Tue Jul 18 12:17:11 UTC 2023"
	OSPlatform="aarch64"
	Is64Bits="1"
	VendorString=""
	VendorID="Unknown Manufacturer"
	FamilyID="8"
	ModelID="0"
	ProcessorCacheSize="0"
	NumberOfLogicalCPU="4"
	NumberOfPhysicalCPU="1"
	TotalVirtualMemory="1023"
	TotalPhysicalMemory="7808"
	LogicalProcessorsPerPhysical="4"
	ProcessorClockFrequency="0"
	>
	<Testing>
		<StartDateTime>Aug 14 18:29 PDT</StartDateTime>
		<StartTestTime>1692062988</StartTestTime>
		<TestList/>
		<EndDateTime>Aug 14 18:29 PDT</EndDateTime>
		<EndTestTime>1692062988</EndTestTime>
		<ElapsedMinutes>0</ElapsedMinutes>
	</Testing>
</Site>
